logging:
Cal Parameter: OK
initial master model!!
initial sub model!
the ToD used now : 383.0
CPXPARAM_TimeLimit                               300
Tried aggregator 2 times.
MIP Presolve eliminated 134102 rows and 130071 columns.
MIP Presolve modified 118118 coefficients.
Aggregator did 4 substitutions.
Reduced MIP has 9912 rows, 120686 columns, and 1197292 nonzeros.
Reduced MIP has 120686 binaries, 0 generals, 0 SOSs, and 0 indicators.
Presolve time = 4.19 sec. (2962.26 ticks)
Tried aggregator 1 time.
Reduced MIP has 9912 rows, 120686 columns, and 1197292 nonzeros.
Reduced MIP has 120686 binaries, 0 generals, 0 SOSs, and 0 indicators.
Presolve time = 1.42 sec. (716.79 ticks)
Probing fixed 7 vars, tightened 0 bounds.
Probing time = 1.34 sec. (423.35 ticks)
Clique table members: 594736.
MIP emphasis: balance optimality and feasibility.
MIP search method: dynamic search.
Parallel mode: deterministic, using up to 4 threads.
Root relaxation solution time = 21.48 sec. (15900.93 ticks)

        Nodes                                         Cuts/
   Node  Left     Objective  IInf  Best Integer    Best Bound    ItCnt     Gap

*     0+    0                            2.0000    29120.0000              --- 
      0     0       19.8838   123        2.0000       19.8838    17891  894.19%
      0     0       19.8744   128        2.0000       Cuts: 4    18260  893.72%
      0     0       19.8736   137        2.0000    MIRcuts: 1    18483  893.68%
Heuristic still looking.
*     0+    0                            3.0000       19.8736           562.45%
      0     2       19.8736   137        3.0000       19.8291    18483  560.97%
Elapsed time = 97.34 sec. (59403.35 ticks, tree = 0.02 MB, solutions = 2)
      1     3       19.8425   127        3.0000       19.8291    18587  560.97%
      2     3       19.4891   117        3.0000       19.8291    19207  560.97%
      3     5       19.3864   121        3.0000       19.8291    19743  560.97%
      4     4       18.7991   147        3.0000       19.8291    19835  560.97%
      6     6       19.1547   105        3.0000       19.8291    20378  560.97%
      7     6       18.7033   148        3.0000       19.8291    21030  560.97%
      9     8       18.5974   153        3.0000       19.8291    21833  560.97%
     12     9       18.3978   148        3.0000       19.8291    21933  560.97%
     15     9       17.8751   152        3.0000       19.8291    22159  560.97%
     18     9       18.6034   110        3.0000       19.6878    22407  556.26%
Elapsed time = 117.44 sec. (67879.89 ticks, tree = 0.23 MB, solutions = 2)
     20     7        cutoff              3.0000       19.6878    26174  556.26%
     33    12       17.1444    79        3.0000       19.6878    29064  556.26%
*    41+   10                            5.0000       19.6878           293.76%
     43    15       16.6629    71        5.0000       19.6878    35677  293.76%
     60    19        cutoff              5.0000       19.6878    38638  293.76%
     79    20        cutoff              5.0000       19.6878    41666  293.76%
    100    20       18.2562    90        5.0000       19.6878    38679  293.76%
    121    38       14.7924    77        5.0000       19.6878    50670  293.76%
    153    44        cutoff              5.0000       19.6878    55584  293.76%
    194    61       16.8172    71        5.0000       19.6878    48698  293.76%
    242   103       16.3229    91        5.0000       19.6878    59000  293.76%
Elapsed time = 145.02 sec. (78335.03 ticks, tree = 9.50 MB, solutions = 3)
    288    94        cutoff              5.0000       19.6878    70570  293.76%
    340   178       14.2597    77        5.0000       19.6878    67321  293.76%
    392   211       13.8710    81        5.0000       19.6878    68086  293.76%
    444   158       18.5903    97        5.0000       19.6878    75950  293.76%
    493   288       13.2429   158        5.0000       19.6878    77933  293.76%
    540   337       13.0030   154        5.0000       19.6878    92763  293.76%
    588   369       12.5631   168        5.0000       19.6878    93524  293.76%
    639   399        cutoff              5.0000       19.6878   104262  293.76%
    703   407       13.2523   133        5.0000       19.6878   106972  293.76%
    756   494       13.1762   108        5.0000       19.6878   111693  293.76%
Elapsed time = 172.34 sec. (88099.93 ticks, tree = 50.19 MB, solutions = 3)
    784   496        cutoff              5.0000       19.6878   115307  293.76%
    819   533       16.4747    78        5.0000       19.6878   116836  293.76%
    841   529       13.0080   141        5.0000       19.6878   122116  293.76%
    890   590       14.6555    81        5.0000       19.6878   125672  293.76%
    945   623       13.8829    87        5.0000       19.6878   126334  293.76%
   1003   655       13.2761   107        5.0000       19.6878   130496  293.76%
   1058   656        cutoff              5.0000       19.6878   140966  293.76%
   1089   715       12.9409   132        5.0000       19.6878   150871  293.76%
   1162   668        cutoff              5.0000       19.6878   154240  293.76%
   1209   730        cutoff              5.0000       19.6878   164461  293.76%
Elapsed time = 203.73 sec. (97842.55 ticks, tree = 78.02 MB, solutions = 3)
   1244   735        cutoff              5.0000       19.6878   168083  293.76%
   1300   844       14.0337   139        5.0000       19.6878   179921  293.76%
   1372   808    infeasible              5.0000       19.6878   178483  293.76%
   1431   856        cutoff              5.0000       19.6878   193686  293.76%
   1474   932       12.8465   106        5.0000       19.6878   193540  293.76%
   1542   934        cutoff              5.0000       19.6878   207919  293.76%
   1615  1009       12.2461   135        5.0000       19.6878   207867  293.76%
   1662   983       14.5011   105        5.0000       19.6878   217854  293.76%
   1742  1052       12.0864   119        5.0000       19.6878   227290  293.76%
   1777  1024       14.3314   106        5.0000       19.6878   233702  293.76%
Elapsed time = 233.13 sec. (107878.28 ticks, tree = 113.16 MB, solutions = 3)
   1781  1077       11.9133   114        5.0000       19.6878   227595  293.76%
   1788  1088       14.2834   107        5.0000       19.6878   246047  293.76%
   1803  1087       10.4903   144        5.0000       19.6878   251460  293.76%
   1867  1119       10.3090   132        5.0000       19.6878   252141  293.76%
   1942  1172       10.1086   131        5.0000       19.6878   258179  293.76%
   2018  1213        9.9523   158        5.0000       19.6878   258634  293.76%
   2099  1253        9.7801   160        5.0000       19.6878   258988  293.76%
   2191  1301        9.5773   179        5.0000       19.6878   267264  293.76%
   2274  1295        cutoff              5.0000       19.6878   278464  293.76%
   2371  1426        9.2405   177        5.0000       19.6878   287573  293.76%
Elapsed time = 263.86 sec. (117656.02 ticks, tree = 162.24 MB, solutions = 3)
   2482  1469        9.1410   180        5.0000       19.6878   287970  293.76%

Root node processing (before b&c):
  Real time             =   95.97 sec. (58476.72 ticks)
Parallel b&c, 4 threads:
  Real time             =  204.08 sec. (95336.09 ticks)
  Sync time (average)   =   21.70 sec.
  Wait time (average)   =    0.00 sec.
                          ------------
Total (root+branch&cut) =  300.05 sec. (153812.81 ticks)
lastScore is 5.0
x 135,145,0  =  1
x 145,152,0  =  1
y 152,1180,0  =  1
x 197,204,1  =  1
x 204,211,1  =  1
f 211,1  =  1
x 1180,1187,1  =  1
x 1187,197,1  =  1
