logging:
Cal Parameter: OK
initial master model!!
initial sub model!
CPXPARAM_TimeLimit                               300
Tried aggregator 2 times.
MIP Presolve eliminated 134936 rows and 130642 columns.
MIP Presolve modified 71888 coefficients.
Aggregator did 1 substitutions.
Reduced MIP has 9932 rows, 118678 columns, and 1373744 nonzeros.
Reduced MIP has 118678 binaries, 0 generals, 0 SOSs, and 0 indicators.
Presolve time = 2.56 sec. (1377.98 ticks)
Tried aggregator 1 time.
Reduced MIP has 9932 rows, 118678 columns, and 1373744 nonzeros.
Reduced MIP has 118678 binaries, 0 generals, 0 SOSs, and 0 indicators.
Presolve time = 1.66 sec. (778.26 ticks)
Probing fixed 59 vars, tightened 0 bounds.
Probing time = 4.83 sec. (2288.38 ticks)
Clique table members: 683252.
MIP emphasis: balance optimality and feasibility.
MIP search method: dynamic search.
Parallel mode: deterministic, using up to 4 threads.
Root relaxation solution time = 3.13 sec. (1765.40 ticks)

        Nodes                                         Cuts/
   Node  Left     Objective  IInf  Best Integer    Best Bound    ItCnt     Gap

      0     0       33.0462   121                     33.0462     1921         
      0     0       33.0462   122                   Covers: 1     1927         
*     0+    0                            4.0000       33.0462           726.15%
      0     2       33.0462    99        4.0000       33.0462     1927  726.15%
Elapsed time = 68.53 sec. (31208.81 ticks, tree = 0.02 MB, solutions = 1)
      1     3       32.0886   178        4.0000       33.0462     2180  726.15%
      2     2        cutoff              4.0000       33.0462     2608  726.15%
*     3+    1                            6.0000       33.0462           450.77%
      3     3       33.0462    99        6.0000       33.0462     1934  450.77%
      4     4       32.0886   177        6.0000       33.0462     2181  450.77%
      5     5       31.9957   191        6.0000       33.0462     2737  450.77%
      7     6       31.9957   187        6.0000       33.0462     2738  450.77%
      8     6       31.9957   187        6.0000       33.0462     3150  450.77%
     11     4        cutoff              6.0000       33.0462     3517  450.77%
     14     8       31.9472   188        6.0000       33.0462     3197  450.77%
     21     9       32.7859    89        6.0000       33.0287     4930  450.48%
Elapsed time = 79.76 sec. (36814.20 ticks, tree = 0.23 MB, solutions = 3)
     24    15       31.5188   115        6.0000       33.0287     6480  450.48%
     32    11       31.5415   107        6.0000       33.0287     5639  450.48%
*    37+   26                           10.0000       33.0287           230.29%
     37    25       31.2069   114       10.0000       33.0287     8507  230.29%
     42    33       30.9557   125       10.0000       33.0287     9616  230.29%
     59    32        cutoff             10.0000       33.0287    12623  230.29%
     66    47       30.4863   128       10.0000       33.0287    13043  230.29%
     79    55       30.2910   128       10.0000       33.0287    13323  230.29%
     97    77       30.1652   131       10.0000       33.0287    17596  230.29%
    107    75       29.9328    97       10.0000       33.0287    19197  230.29%
    116    75        cutoff             10.0000       33.0287    21572  230.29%
Elapsed time = 108.73 sec. (48664.11 ticks, tree = 3.97 MB, solutions = 4)
    122    77       31.6555   122       10.0000       33.0287    22006  230.29%
    127    83       29.5604   102       10.0000       33.0287    22827  230.29%
    141    78       28.8836    96       10.0000       33.0287    23043  230.29%
    154   107       29.2362   100       10.0000       33.0287    30804  230.29%
    168   109       28.8621    75       10.0000       33.0287    31274  230.29%
    182   111        cutoff             10.0000       32.7736    32127  227.74%
    193   119       32.1073   203       10.0000       32.7669    34843  227.67%
    201   120       31.6658   176       10.0000       32.7669    35447  227.67%
    206   134       30.6628   160       10.0000       32.7669    37924  227.67%
    218   149       30.5694   135       10.0000       32.7669    40106  227.67%
Elapsed time = 137.09 sec. (59570.51 ticks, tree = 10.26 MB, solutions = 4)
    223   144       31.9152   131       10.0000       32.7669    41135  227.67%
    242   155       31.5638   118       10.0000       32.7669    41470  227.67%
    256   157       30.4888   164       10.0000       32.7669    42688  227.67%
    267   164       30.3319   130       10.0000       32.7669    44429  227.67%
    274   166       31.6756   168       10.0000       32.7669    46354  227.67%
    283   211       30.1917   129       10.0000       32.7669    50991  227.67%
    298   207       30.7780   104       10.0000       32.7669    50976  227.67%
    305   220       30.4661   145       10.0000       32.7669    51872  227.67%
    313   225       29.8575   174       10.0000       32.7669    52420  227.67%
    324   235       30.6398   140       10.0000       32.7669    54147  227.67%
Elapsed time = 160.55 sec. (69580.46 ticks, tree = 19.00 MB, solutions = 4)
    332   239       29.2166   158       10.0000       32.7669    52799  227.67%
    355   268       28.9042   159       10.0000       32.7669    54710  227.67%
    380   284       28.8176   162       10.0000       32.7669    54955  227.67%
    406   268        cutoff             10.0000       32.7669    64870  227.67%
    429   271        cutoff             10.0000       32.7669    66852  227.67%
    441   279       29.8624    88       10.0000       32.7669    64656  227.67%
    446   283       28.5179    98       10.0000       32.7669    71536  227.67%
    451   292       29.5147    89       10.0000       32.7669    73403  227.67%
    469   297       28.9526   107       10.0000       32.7669    74099  227.67%
    473   290       29.7828   164       10.0000       32.7669    72876  227.67%
Elapsed time = 192.59 sec. (81117.76 ticks, tree = 24.58 MB, solutions = 4)
    479   294       29.6410   128       10.0000       32.7669    73319  227.67%
    483   298       29.5155   129       10.0000       32.7669    73706  227.67%
    489   313       29.4526   105       10.0000       32.7669    75608  227.67%
    500   321       29.3778   120       10.0000       32.7669    75968  227.67%
    506   327       29.2857   112       10.0000       32.7669    76344  227.67%
    512   333       29.2047   133       10.0000       32.7669    76656  227.67%
    518   310       28.5064   128       10.0000       32.7669    55579  227.67%
    519   339       29.1661   140       10.0000       32.7669    76913  227.67%
    520   316       28.2266    85       10.0000       32.7669    77285  227.67%
    521   320       31.7977   110       10.0000       32.7669    79563  227.67%
Elapsed time = 219.22 sec. (94165.16 ticks, tree = 27.96 MB, solutions = 4)
    525   403       30.9306   151       10.0000       32.7669    82654  227.67%
    530   408       29.9299   148       10.0000       32.7669    83075  227.67%
    534   412       29.4507    79       10.0000       32.7669    83383  227.67%
    545   423       28.6238   155       10.0000       32.7669    83779  227.67%
    564   403       28.3817   132       10.0000       32.7669    82440  227.67%
    587   441       28.0970    87       10.0000       32.7669    84724  227.67%
    626   469       27.3990   157       10.0000       32.7669    85124  227.67%
    666   478       27.0681   121       10.0000       32.7669    85530  227.67%
    698   444       27.5915   148       10.0000       32.7669    83768  227.67%
    721   499       27.1812   118       10.0000       32.7669    86434  227.67%
Elapsed time = 240.50 sec. (103896.23 ticks, tree = 48.31 MB, solutions = 4)
    751   512       27.0572   129       10.0000       32.7669    86679  227.67%
    770   456       28.9867   108       10.0000       32.7669    85044  227.67%
    800   530       26.7183   110       10.0000       32.7669    87371  227.67%
    835   541       26.6434   119       10.0000       32.7669    87607  227.67%
    876   580       26.4670   197       10.0000       32.7669   102617  227.67%
    914   583        cutoff             10.0000       32.7669   104312  227.67%
    954   689        cutoff             10.0000       32.7669   110498  227.67%
    994   623       28.7139   131       10.0000       32.7669    98697  227.67%
   1036   684       26.0304   141       10.0000       32.7669   100056  227.67%
   1070   708       25.9966   193       10.0000       32.7669   114790  227.67%
Elapsed time = 264.88 sec. (113675.50 ticks, tree = 72.80 MB, solutions = 4)
   1091   788       25.8580   144       10.0000       32.7669   112190  227.67%
   1105   811       25.9055   155       10.0000       32.7669   120639  227.67%
   1140   841       28.6744   106       10.0000       32.7669   120847  227.67%
   1179   845       23.3177   144       10.0000       32.7669   121277  227.67%
   1217   903       25.5787   118       10.0000       32.7669   121975  227.67%
   1238   913       25.3971   140       10.0000       32.7669   122315  227.67%
   1260   940       22.6975   117       10.0000       32.7669   131164  227.67%
   1290   912       25.7490   164       10.0000       32.7669   132748  227.67%
   1333  1006       25.2021   122       10.0000       32.7669   132938  227.67%
   1367  1018       25.1298   134       10.0000       32.7669   133239  227.67%
Elapsed time = 287.91 sec. (123423.72 ticks, tree = 109.16 MB, solutions = 4)
   1405  1027       25.4747   169       10.0000       32.7669   140691  227.67%
   1434  1034        cutoff             10.0000       32.7669   142445  227.67%
   1466  1045        cutoff             10.0000       32.7669   143781  227.67%
   1516  1139        cutoff             10.0000       32.7669   148798  227.67%
   1563  1116       24.4947   143       10.0000       32.7669   143219  227.67%

Cover cuts applied:  13
Gomory fractional cuts applied:  1

Root node processing (before b&c):
  Real time             =   68.16 sec. (31059.72 ticks)
Parallel b&c, 4 threads:
  Real time             =  232.27 sec. (97850.01 ticks)
  Sync time (average)   =   31.81 sec.
  Wait time (average)   =    0.00 sec.
                          ------------
Total (root+branch&cut) =  300.42 sec. (128909.73 ticks)
lastScore is 10.0
x 145,152,0  =  1
y 152,196,0  =  1
x 196,203,1  =  1
y 203,142,1  =  1
x 142,149,2  =  1
y 149,1180,2  =  1
x 197,204,3  =  1
f 204,3  =  1
x 1180,1187,3  =  1
x 1187,197,3  =  1
y 1400,1123,0  =  1
y 1123,1387,1  =  1
y 1344,1388,2  =  1
x 1387,1344,2  =  1
x 1388,1395,3  =  1
f 1395,3  =  1
y 260,268,0  =  1
x 268,345,1  =  1
y 345,257,1  =  1
y 257,1127,2  =  1
f 703,3  =  1
x 1127,703,3  =  1
y 472,448,0  =  1
y 448,456,1  =  1
y 456,997,2  =  1
f 997,3  =  1
