logging:
Cal Parameter: OK
initial master model!!
initial sub model!
the ToD used now : 422.0
big Pi is 425.0
CPXPARAM_TimeLimit                               300
CPXPARAM_MIP_Tolerances_MIPGap                   0.81000000000000005
Tried aggregator 2 times.
MIP Presolve eliminated 142657 rows and 138284 columns.
MIP Presolve modified 56725 coefficients.
Aggregator did 6 substitutions.
Reduced MIP has 9847 rows, 93251 columns, and 964628 nonzeros.
Reduced MIP has 93251 binaries, 0 generals, 0 SOSs, and 0 indicators.
Presolve time = 2.36 sec. (1106.84 ticks)
Found incumbent of value 0.000000 after 4.23 sec. (1960.11 ticks)
Tried aggregator 1 time.
Reduced MIP has 9847 rows, 93251 columns, and 964628 nonzeros.
Reduced MIP has 93251 binaries, 0 generals, 0 SOSs, and 0 indicators.
Presolve time = 1.05 sec. (566.73 ticks)
Probing fixed 64 vars, tightened 0 bounds.
Probing time = 2.44 sec. (1272.60 ticks)
Clique table members: 476082.
MIP emphasis: balance optimality and feasibility.
MIP search method: dynamic search.
Parallel mode: deterministic, using up to 4 threads.
Root relaxation solution time = 3.58 sec. (3064.65 ticks)

        Nodes                                         Cuts/
   Node  Left     Objective  IInf  Best Integer    Best Bound    ItCnt     Gap

*     0+    0                            0.0000    21108.0000              --- 
      0     0       19.6744   135        0.0000       19.6744     2930     --- 
      0     0       19.6559   147        0.0000       Cuts: 4     2978     --- 
      0     0       19.6500   151        0.0000    MIRcuts: 2     3040     --- 
*     0+    0                            4.0000       19.6500           391.25%
      0     0       19.6361   149        4.0000     Covers: 1     3061  390.90%
      0     0       19.6282   157        4.0000     Covers: 2     3073  390.70%
      0     2       19.6282   157        4.0000       19.6282     3073  390.70%
Elapsed time = 39.28 sec. (23259.98 ticks, tree = 0.02 MB, solutions = 2)
      1     3       19.6014   127        4.0000       19.6276     3227  390.69%
      2     4       19.5556   150        4.0000       19.6276     3295  390.69%
      3     5       19.5001   133        4.0000       19.6276     3382  390.69%
      4     3       17.8752    91        4.0000       19.6276     4123  390.69%
      6     5       18.9079   117        4.0000       19.6276     4042  390.69%
      7     8       18.2142   116        4.0000       19.5540     5791  388.85%
     10    11       16.3849   100        4.0000       19.4984     9821  387.46%
     12    12       15.9653   121        4.0000       19.4984    14243  387.46%
     16    13       16.0085    95        4.0000       19.4984    17282  387.46%
     21    17       15.8548    90        4.0000       19.4984    21422  387.46%
Elapsed time = 52.25 sec. (29180.78 ticks, tree = 0.49 MB, solutions = 2)
     25    15       15.5420    94        4.0000       19.4984    28109  387.46%
     32    28       15.1029    96        4.0000       19.4984    70262  387.46%
     36    25       15.5931    94        4.0000       19.4984    58673  387.46%
     38    29       17.4245    96        4.0000       19.4984    89816  387.46%
     39    29       13.5429    73        4.0000       19.4984    90081  387.46%
     40    29       14.3588    98        4.0000       19.4984    71506  387.46%
     45    34       13.5742   104        4.0000       19.4984   102700  387.46%
     56    34       12.1278    76        4.0000       19.4984   112283  387.46%
     67    37       11.7001    77        4.0000       19.4984   122017  387.46%
*    78+   44                            6.0000       19.4984           224.97%
     85    39        cutoff              6.0000       19.4984   154571  224.97%
Elapsed time = 83.52 sec. (43171.61 ticks, tree = 0.71 MB, solutions = 3)
     98    39        cutoff              6.0000       19.4984   163626  224.97%
    105    55       16.9838   114        6.0000       19.4984   239258  224.97%
    110    63       13.1287    96        6.0000       19.4984   243887  224.97%
    112    56       16.5069    93        6.0000       19.4984   240742  224.97%
    123    59        cutoff              6.0000       19.4984   246550  224.97%
    135    60       16.5556   117        6.0000       19.4984   245076  224.97%
    146    71       12.4611   114        6.0000       19.4984   251792  224.97%
    169    86       11.6964   109        6.0000       19.4984   261048  224.97%
    184    76       17.3671   105        6.0000       19.4984   259077  224.97%
    193    83        cutoff              6.0000       19.4984   265858  224.97%
Elapsed time = 106.13 sec. (54212.12 ticks, tree = 1.63 MB, solutions = 3)
    211   100       14.9156    83        6.0000       19.4984   273292  224.97%
    229   106       14.6306   109        6.0000       19.4984   274183  224.97%
    256   104        cutoff              6.0000       19.4984   281031  224.97%
    269   135       14.1285    97        6.0000       19.4984   283088  224.97%
    272   101       15.6968    79        6.0000       19.4984   273761  224.97%
    283   105        cutoff              6.0000       19.4984   284739  224.97%
    290   140       15.5322    77        6.0000       19.4943   284477  224.90%
    297   148       13.5518    87        6.0000       19.4943   284953  224.90%
    302    94       17.3579   113        6.0000       19.4831   269939  224.72%
    324   152        cutoff              6.0000       19.4831   287880  224.72%
Elapsed time = 129.20 sec. (64415.91 ticks, tree = 3.64 MB, solutions = 3)
    342   164       14.9081    74        6.0000       19.4580   294636  224.30%
    374   166       16.6489    98        6.0000       19.4571   299670  224.29%
    383   170       16.0787    92        6.0000       19.4571   300454  224.29%
    399   183       14.3982    71        6.0000       19.4571   304662  224.29%
    424   185       14.1213    71        6.0000       19.4203   305285  223.67%
    444   209       15.0352    89        6.0000       19.4203   312368  223.67%
    475   190       13.4835    66        6.0000       19.4012   306623  223.35%
    500   225        cutoff              6.0000       19.4012   317749  223.35%
    508   218       14.6589   132        6.0000       19.4012   315471  223.35%
    524   238       13.9281    90        6.0000       19.4012   314869  223.35%
Elapsed time = 150.91 sec. (74770.54 ticks, tree = 6.02 MB, solutions = 3)
    537   221       14.3971   137        6.0000       19.4012   316518  223.35%
    549   224       14.2031   125        6.0000       19.4012   317171  223.35%
    552   233       19.3589   130        6.0000       19.4012   320714  223.35%
    553   280       17.9531   147        6.0000       19.4012   329662  223.35%
    555   267       13.7151    99        6.0000       19.4012   323739  223.35%
    570   295       12.9455    88        6.0000       19.4012   329729  223.35%
    576   299       11.9046    91        6.0000       19.4012   331158  223.35%
    583   284       13.7248   116        6.0000       19.4012   332715  223.35%
    596   303       17.9248   125        6.0000       19.4012   333292  223.35%
    605   309       17.7765   109        6.0000       19.4012   338498  223.35%
Elapsed time = 180.34 sec. (88603.95 ticks, tree = 8.41 MB, solutions = 3)
    617   285       17.0476   103        6.0000       19.4012   335943  223.35%
    625   314       17.1201   132        6.0000       19.4012   339672  223.35%
    636   289        cutoff              6.0000       19.4012   339040  223.35%
    641   315       12.3789   119        6.0000       19.4012   342366  223.35%
    647   316       11.8592   109        6.0000       19.4012   343041  223.35%
    655   323       15.2414    86        6.0000       19.4012   351463  223.35%
    659   334       16.0668   111        6.0000       19.4012   351236  223.35%
    667   327       14.9843    90        6.0000       19.4012   354716  223.35%
    673   329       14.7673    97        6.0000       19.4012   356358  223.35%
    679   342       15.5792    98        6.0000       19.4012   352599  223.35%
Elapsed time = 200.33 sec. (98807.03 ticks, tree = 9.53 MB, solutions = 3)
    683   347       14.5881    91        6.0000       19.4012   362963  223.35%
    692   361       15.2357   119        6.0000       19.4012   363918  223.35%
    699   350       13.5966    87        6.0000       19.4012   364502  223.35%
    707   367       17.9029   112        6.0000       19.4012   368117  223.35%
    715   372       12.1875    90        6.0000       19.4012   375117  223.35%
    728   375       11.0938    79        6.0000       19.4012   376130  223.35%
    739   383       16.6041   113        6.0000       19.4012   379057  223.35%
    743   376       17.1608   120        6.0000       19.4012   378347  223.35%
    747   399       15.0939   119        6.0000       19.4012   383639  223.35%
    757   405       16.3753   117        6.0000       19.4012   386091  223.35%
Elapsed time = 224.45 sec. (111072.00 ticks, tree = 11.55 MB, solutions = 3)
    768   407       16.2974   136        6.0000       19.4012   386541  223.35%
    781   408       18.2772   120        6.0000       19.4012   387587  223.35%
    789   411       16.1465   146        6.0000       19.4012   387518  223.35%
    796   411       17.6435   105        6.0000       19.4012   388830  223.35%
    808   438       15.9215   145        6.0000       19.4012   392175  223.35%
    818   441       15.7475   138        6.0000       19.4012   392678  223.35%
    830   466       14.5913   127        6.0000       19.4012   394099  223.35%
    843   436       12.8570   111        6.0000       19.4012   392010  223.35%
    853   449       15.4785   136        6.0000       19.4012   394151  223.35%
    864   477       14.4404   126        6.0000       19.4012   394620  223.35%
Elapsed time = 247.97 sec. (121466.31 ticks, tree = 14.20 MB, solutions = 3)
    878   522       14.3740   129        6.0000       19.4012   404198  223.35%
    896   534       14.2689   135        6.0000       19.4012   404547  223.35%
    914   543       14.1935   128        6.0000       19.4012   404896  223.35%
    925   552       14.1023   132        6.0000       19.4012   405243  223.35%
    934   560       14.0467   131        6.0000       19.4012   405626  223.35%
    948   571       13.6564   144        6.0000       19.4012   406466  223.35%
    949   534       17.5903   120        6.0000       19.4012   411037  223.35%
    950   505       15.1547   129        6.0000       19.4012   403225  223.35%
    951   535       19.0667   142        6.0000       19.4012   411072  223.35%
   1001   652       13.3558   141        6.0000       19.4012   419643  223.35%
Elapsed time = 294.86 sec. (142369.59 ticks, tree = 20.44 MB, solutions = 3)

Cover cuts applied:  16
Mixed integer rounding cuts applied:  3
Zero-half cuts applied:  1

Root node processing (before b&c):
  Real time             =   38.94 sec. (23064.35 ticks)
Parallel b&c, 4 threads:
  Real time             =  261.27 sec. (122917.23 ticks)
  Sync time (average)   =   24.29 sec.
  Wait time (average)   =    0.00 sec.
                          ------------
Total (root+branch&cut) =  300.20 sec. (145981.58 ticks)
lastScore is 6.0
x 308,311,0  =  1
y 311,1386,0  =  1
y 1343,192,1  =  1
x 1386,1343,1  =  1
x 192,214,2  =  1
y 214,980,2  =  1
x 980,987,3  =  1
f 987,3  =  1
x 685,692,0  =  1
y 692,672,0  =  1
y 672,675,1  =  1
f 675,2  =  1
x 351,372,0  =  1
f 372,0  =  1
the ToD used now : 419.0
big Pi is 423.0
CPXPARAM_TimeLimit                               300
CPXPARAM_MIP_Tolerances_MIPGap                   0.81000000000000005
3 of 3 MIP starts provided solutions.
MIP start 'm1' defined initial solution with objective 3.0000.
Tried aggregator 2 times.
MIP Presolve eliminated 142657 rows and 138284 columns.
MIP Presolve modified 56725 coefficients.
Aggregator did 6 substitutions.
Reduced MIP has 9847 rows, 93251 columns, and 964628 nonzeros.
Reduced MIP has 93251 binaries, 0 generals, 0 SOSs, and 0 indicators.
Presolve time = 1.55 sec. (1106.84 ticks)
Tried aggregator 1 time.
Reduced MIP has 9847 rows, 93251 columns, and 964628 nonzeros.
Reduced MIP has 93251 binaries, 0 generals, 0 SOSs, and 0 indicators.
Presolve time = 0.92 sec. (566.73 ticks)
Probing fixed 64 vars, tightened 0 bounds.
Probing time = 2.50 sec. (1272.60 ticks)
Clique table members: 476082.
MIP emphasis: balance optimality and feasibility.
MIP search method: dynamic search.
Parallel mode: deterministic, using up to 4 threads.
Root relaxation solution time = 4.28 sec. (3738.83 ticks)

        Nodes                                         Cuts/
   Node  Left     Objective  IInf  Best Integer    Best Bound    ItCnt     Gap

*     0+    0                            3.0000    21215.0000              --- 
      0     0       19.0542   124        3.0000       19.0542     3280  535.14%
      0     0       19.0542   124        3.0000       Cuts: 2     3281  535.14%
      0     2       19.0542   124        3.0000       19.0542     3281  535.14%
Elapsed time = 36.67 sec. (20571.52 ticks, tree = 0.02 MB, solutions = 3)
      1     3       18.1505   124        3.0000       19.0525     4436  535.08%
      2     3       18.9418   128        3.0000       19.0525     3671  535.08%
      3     4       17.4829   102        3.0000       19.0525     5272  535.08%
      4     6       17.4216   122        3.0000       18.9414     5943  531.38%
      5     7       17.3846   122        3.0000       18.9414     7391  531.38%
*     6+    3                            4.0000       18.9414           373.54%
      7     5       18.8589   134        4.0000       18.9414     5030  373.54%
      9     9       18.8448   133        4.0000       18.9414     7831  373.54%
     11    10       16.3607    99        4.0000       18.9414    16438  373.54%
     12     5       17.3319    97        4.0000       18.9414     6639  373.54%
     13    10       16.8669   101        4.0000       18.9414    11100  373.54%
Elapsed time = 50.19 sec. (28643.99 ticks, tree = 0.12 MB, solutions = 4)
     16    16       16.2334    97        4.0000       18.8589    28416  371.47%
     19    18       16.8339    96        4.0000       18.8589    39909  371.47%
     23    23       15.8923   109        4.0000       18.8589    61364  371.47%
     27    20       17.6849   140        4.0000       18.8589    45153  371.47%
     29    24       15.2882   107        4.0000       18.8589    64345  371.47%
     32    26       16.3122    99        4.0000       18.8589    71253  371.47%
     43    30       14.7621    80        4.0000       18.8589    74804  371.47%
     55    28       17.4698   140        4.0000       18.8589    72240  371.47%
     63    31    infeasible              4.0000       18.8589    78764  371.47%
     77    34       17.0713   102        4.0000       18.8589    77043  371.47%
Elapsed time = 82.78 sec. (43519.13 ticks, tree = 0.76 MB, solutions = 5)
    121    48        cutoff              4.0000       18.8589    88888  371.47%
    170    59       11.1481   101        4.0000       18.8589    93354  371.47%
    211    72       10.8624   106        4.0000       18.8589   100406  371.47%
    258    83       10.6087   143        4.0000       18.8589   104396  371.47%
    304    95        cutoff              4.0000       18.8589   109359  371.47%
    343   117       10.2784   163        4.0000       18.8589   120541  371.47%
    381   129       10.1358   144        4.0000       18.8589   124684  371.47%
    429   140       10.0401   132        4.0000       18.8589   128664  371.47%
    466   122       16.6819   107        4.0000       18.8589   131335  371.47%
    498   120       14.2543    91        4.0000       18.8589   128257  371.47%
Elapsed time = 105.42 sec. (53472.54 ticks, tree = 3.22 MB, solutions = 5)
    540   175        9.8088   152        4.0000       18.8589   150485  371.47%
    577   197        9.6539   171        4.0000       18.8589   161770  371.47%
    617   209        cutoff              4.0000       18.8589   165066  371.47%
    657   226        9.4387   142        4.0000       18.8589   167798  371.47%
    700   242        9.3481   149        4.0000       18.8589   176866  371.47%
    742   192       11.0841    99        4.0000       18.8589   166824  371.47%
    789   260        cutoff              4.0000       18.8589   187126  371.47%
    837   277        9.0849   175        4.0000       18.8589   189968  371.47%
