
Log started (V12.9.0.0) Sun Aug 18 15:22:38 2019


Problem 'sbp_766.lp' read.
Read time = 1.52 sec. (44.34 ticks)
Tried aggregator 2 times.
MIP Presolve eliminated 4287 rows and 101819 columns.
MIP Presolve modified 11093 coefficients.
Aggregator did 105 substitutions.
Reduced MIP has 9824 rows, 284177 columns, and 1604420 nonzeros.
Reduced MIP has 284177 binaries, 0 generals, 0 SOSs, and 0 indicators.
Presolve time = 3.69 sec. (3362.25 ticks)
Found incumbent of value 15.000000 after 6.11 sec. (4794.56 ticks)
Tried aggregator 1 time.
Reduced MIP has 9824 rows, 284177 columns, and 1604420 nonzeros.
Reduced MIP has 284177 binaries, 0 generals, 0 SOSs, and 0 indicators.
Presolve time = 1.73 sec. (1084.71 ticks)
Probing time = 0.64 sec. (104.15 ticks)
Clique table members: 803889.
MIP emphasis: balance optimality and feasibility.
MIP search method: dynamic search.
Parallel mode: deterministic, using up to 4 threads.
Root relaxation solution time = 23.80 sec. (18103.60 ticks)

        Nodes                                         Cuts/
   Node  Left     Objective  IInf  Best Integer    Best Bound    ItCnt     Gap

*     0+    0                           15.0000   246906.0000              --- 
*     0+    0                          995.5000   246906.0000              --- 
      0     0     1005.5000   495      995.5000     1005.5000    12951    1.00%
*     0+    0                         1005.5000     1005.5000             0.00%
      0     0        cutoff           1005.5000     1005.5000    12951    0.00%
Elapsed time = 67.63 sec. (67561.33 ticks, tree = 0.01 MB, solutions = 3)

Root node processing (before b&c):
  Real time             =   67.75 sec. (67583.84 ticks)
Parallel b&c, 4 threads:
  Real time             =    0.00 sec. (0.00 ticks)
  Sync time (average)   =    0.00 sec.
  Wait time (average)   =    0.00 sec.
                          ------------
Total (root+branch&cut) =   67.75 sec. (67583.84 ticks)

Solution pool: 3 solutions saved.

MIP - Integer optimal solution:  Objective =  1.0055000000e+03
Solution time =   67.75 sec.  Iterations = 12951  Nodes = 0
Deterministic time = 67584.94 ticks  (997.56 ticks/sec)


Incumbent solution
Variable Name           Solution Value
y390,348,0                    1.000000
x348,252,1                    1.000000
x252,342,1                    1.000000
x342,281,1                    1.000000
f378,1                        1.000000
x1,1329,0                     1.000000
x3,1417,0                     1.000000
x6,63,0                       1.000000
x7,1298,0                     1.000000
x8,17,0                       1.000000
x9,1034,0                     1.000000
x10,1021,0                    1.000000
x13,18,0                      1.000000
x16,1045,0                    1.000000
x21,30,0                      1.000000
x22,28,0                      1.000000
x23,61,0                      1.000000
x24,31,0                      1.000000
x26,34,0                      1.000000
x27,819,0                     1.000000
x28,967,0                     1.000000
x31,1072,0                    1.000000
x34,1070,0                    1.000000
x35,43,0                      1.000000
x37,45,0                      1.000000
x42,1043,0                    1.000000
x44,49,0                      1.000000
x45,1046,0                    1.000000
x47,1041,0                    1.000000
x48,1042,0                    1.000000
x54,20,0                      1.000000
x57,1309,0                    1.000000
x59,64,0                      1.000000
x66,1075,0                    1.000000
x69,1071,0                    1.000000
x70,571,0                     1.000000
x72,572,0                     1.000000
x74,88,0                      1.000000
x76,555,0                     1.000000
x78,414,0                     1.000000
x81,1278,0                    1.000000
x89,94,0                      1.000000
x90,71,0                      1.000000
x91,95,0                      1.000000
x93,507,0                     1.000000
x95,698,0                     1.000000
x101,681,0                    1.000000
x102,140,0                    1.000000
x103,111,0                    1.000000
x104,112,0                    1.000000
x110,1037,0                   1.000000
x114,683,0                    1.000000
x116,109,0                    1.000000
x118,942,0                    1.000000
x119,1073,0                   1.000000
x120,1390,0                   1.000000
x127,74,0                     1.000000
x128,76,0                     1.000000
x129,92,0                     1.000000
x134,120,0                    1.000000
x135,211,0                    1.000000
x136,143,0                    1.000000
x139,1044,0                   1.000000
x141,976,0                    1.000000
x143,389,0                    1.000000
x145,384,0                    1.000000
x146,682,0                    1.000000
x147,686,0                    1.000000
x148,680,0                    1.000000
x149,197,0                    1.000000
x151,142,0                    1.000000
x152,196,0                    1.000000
x155,1391,0                   1.000000
x163,834,0                    1.000000
x165,171,0                    1.000000
x166,187,0                    1.000000
x170,177,0                    1.000000
x173,180,0                    1.000000
x174,241,0                    1.000000
x175,892,0                    1.000000
x176,837,0                    1.000000
x177,888,0                    1.000000
x188,1023,0                   1.000000
x190,212,0                    1.000000
x192,201,0                    1.000000
x196,1187,0                   1.000000
x207,918,0                    1.000000
x208,213,0                    1.000000
x220,184,0                    1.000000
x223,231,0                    1.000000
x224,232,0                    1.000000
x226,230,0                    1.000000
x229,594,0                    1.000000
x231,598,0                    1.000000
x232,600,0                    1.000000
x233,595,0                    1.000000
x235,170,0                    1.000000
x239,706,0                    1.000000
x240,938,0                    1.000000
x243,1125,0                   1.000000
x247,248,0                    1.000000
x250,1279,0                   1.000000
x251,1274,0                   1.000000
x254,984,0                    1.000000
x256,1280,0                   1.000000
x257,1275,0                   1.000000
x265,270,0                    1.000000
x268,705,0                    1.000000
x270,353,0                    1.000000
x273,255,0                    1.000000
x274,257,0                    1.000000
x276,285,0                    1.000000
x278,253,0                    1.000000
x282,969,0                    1.000000
x288,296,0                    1.000000
x289,294,0                    1.000000
x290,329,0                    1.000000
x293,1141,0                   1.000000
x295,981,0                    1.000000
x300,992,0                    1.000000
x302,812,0                    1.000000
x305,1238,0                   1.000000
x306,1247,0                   1.000000
x307,1231,0                   1.000000
x308,312,0                    1.000000
x309,300,0                    1.000000
x310,311,0                    1.000000
x317,336,0                    1.000000
x324,334,0                    1.000000
x325,328,0                    1.000000
x326,297,0                    1.000000
x328,339,0                    1.000000
x330,341,0                    1.000000
x332,326,0                    1.000000
x340,912,0                    1.000000
x347,280,0                    1.000000
x350,358,0                    1.000000
x353,361,0                    1.000000
x358,1272,0                   1.000000
x361,363,0                    1.000000
x366,1104,0                   1.000000
x367,1222,0                   1.000000
x372,1385,0                   1.000000
x376,1388,0                   1.000000
x378,205,0                    1.000000
x379,387,0                    1.000000
x380,203,0                    1.000000
x383,386,0                    1.000000
x387,1011,0                   1.000000
x388,1006,0                   1.000000
x391,399,0                    1.000000
x392,403,0                    1.000000
x394,400,0                    1.000000
x395,404,0                    1.000000
x396,398,0                    1.000000
x397,402,0                    1.000000
x399,735,0                    1.000000
x400,733,0                    1.000000
x410,1188,0                   1.000000
x412,395,0                    1.000000
x413,396,0                    1.000000
x415,405,0                    1.000000
x416,604,0                    1.000000
x418,576,0                    1.000000
x421,720,0                    1.000000
x423,1174,0                   1.000000
x426,431,0                    1.000000
x427,432,0                    1.000000
x428,430,0                    1.000000
x436,871,0                    1.000000
x437,857,0                    1.000000
x442,451,0                    1.000000
x444,1102,0                   1.000000
x446,1103,0                   1.000000
x451,1052,0                   1.000000
x452,736,0                    1.000000
x459,671,0                    1.000000
x460,497,0                    1.000000
x461,538,0                    1.000000
x462,990,0                    1.000000
x466,474,0                    1.000000
x467,475,0                    1.000000
x469,1177,0                   1.000000
x470,1190,0                   1.000000
x471,1189,0                   1.000000
x474,537,0                    1.000000
x477,485,0                    1.000000
x481,491,0                    1.000000
x482,486,0                    1.000000
x491,738,0                    1.000000
x492,406,0                    1.000000
x494,397,0                    1.000000
x495,461,0                    1.000000
x503,1349,0                   1.000000
x504,530,0                    1.000000
x505,1000,0                   1.000000
x506,514,0                    1.000000
x507,515,0                    1.000000
x509,517,0                    1.000000
x510,999,0                    1.000000
x511,1215,0                   1.000000
x512,1033,0                   1.000000
x513,521,0                    1.000000
x514,523,0                    1.000000
x515,1027,0                   1.000000
x519,527,0                    1.000000
x520,1002,0                   1.000000
x521,529,0                    1.000000
x522,988,0                    1.000000
x524,986,0                    1.000000
x526,722,0                    1.000000
x527,510,0                    1.000000
x528,670,0                    1.000000
x529,667,0                    1.000000
x531,669,0                    1.000000
x533,766,0                    1.000000
x536,500,0                    1.000000
x538,718,0                    1.000000
x539,1012,0                   1.000000
x540,317,0                    1.000000
x543,965,0                    1.000000
x550,553,0                    1.000000
x552,127,0                    1.000000
x553,566,0                    1.000000
x554,236,0                    1.000000
x557,593,0                    1.000000
x558,560,0                    1.000000
x559,588,0                    1.000000
x562,573,0                    1.000000
x563,556,0                    1.000000
x567,1267,0                   1.000000
x580,596,0                    1.000000
x581,561,0                    1.000000
x583,562,0                    1.000000
x585,563,0                    1.000000
x587,590,0                    1.000000
x589,240,0                    1.000000
x590,584,0                    1.000000
x591,599,0                    1.000000
x597,578,0                    1.000000
x598,607,0                    1.000000
x599,425,0                    1.000000
x607,979,0                    1.000000
x608,1126,0                   1.000000
x609,580,0                    1.000000
x610,606,0                    1.000000
x614,575,0                    1.000000
x628,937,0                    1.000000
x634,712,0                    1.000000
x636,641,0                    1.000000
x637,646,0                    1.000000
x639,533,0                    1.000000
x641,1130,0                   1.000000
x643,701,0                    1.000000
x649,983,0                    1.000000
x651,1010,0                   1.000000
x652,724,0                    1.000000
x653,650,0                    1.000000
x654,651,0                    1.000000
x655,659,0                    1.000000
x656,662,0                    1.000000
x657,725,0                    1.000000
x658,660,0                    1.000000
x663,697,0                    1.000000
x667,692,0                    1.000000
x669,677,0                    1.000000
x672,674,0                    1.000000
x675,684,0                    1.000000
x677,108,0                    1.000000
x683,678,0                    1.000000
x686,689,0                    1.000000
x687,534,0                    1.000000
x689,535,0                    1.000000
x690,699,0                    1.000000
x692,504,0                    1.000000
x694,75,0                     1.000000
x697,93,0                     1.000000
x698,131,0                    1.000000
x704,770,0                    1.000000
x706,1128,0                   1.000000
x708,643,0                    1.000000
x710,711,0                    1.000000
x721,664,0                    1.000000
x729,734,0                    1.000000
x730,544,0                    1.000000
x731,542,0                    1.000000
x732,1410,0                   1.000000
x734,760,0                    1.000000
x736,758,0                    1.000000
x738,744,0                    1.000000
x739,754,0                    1.000000
x743,1405,0                   1.000000
x744,1327,0                   1.000000
x746,1399,0                   1.000000
x749,757,0                    1.000000
x750,756,0                    1.000000
x751,786,0                    1.000000
x752,742,0                    1.000000
x753,740,0                    1.000000
x756,761,0                    1.000000
x757,459,0                    1.000000
x759,719,0                    1.000000
x760,737,0                    1.000000
x765,732,0                    1.000000
x766,998,0                    1.000000
x767,730,0                    1.000000
x768,1291,0                   1.000000
x769,806,0                    1.000000
x773,808,0                    1.000000
x774,779,0                    1.000000
x775,798,0                    1.000000
x777,796,0                    1.000000
x778,784,0                    1.000000
x779,759,0                    1.000000
x780,787,0                    1.000000
x789,783,0                    1.000000
x791,788,0                    1.000000
x794,800,0                    1.000000
x795,802,0                    1.000000
x811,820,0                    1.000000
x813,904,0                    1.000000
x818,898,0                    1.000000
x820,830,0                    1.000000
x822,825,0                    1.000000
x823,824,0                    1.000000
x825,891,0                    1.000000
x827,835,0                    1.000000
x828,836,0                    1.000000
x829,832,0                    1.000000
x830,833,0                    1.000000
x831,1258,0                   1.000000
x834,1212,0                   1.000000
x835,1370,0                   1.000000
x839,847,0                    1.000000
x840,1270,0                   1.000000
x842,850,0                    1.000000
x843,851,0                    1.000000
x846,868,0                    1.000000
x848,853,0                    1.000000
x850,856,0                    1.000000
x856,656,0                    1.000000
x858,621,0                    1.000000
x862,858,0                    1.000000
x863,866,0                    1.000000
x866,876,0                    1.000000
x867,875,0                    1.000000
x868,845,0                    1.000000
x869,1262,0                   1.000000
x874,1372,0                   1.000000
x877,1245,0                   1.000000
x878,886,0                    1.000000
x879,1224,0                   1.000000
x884,893,0                    1.000000
x886,889,0                    1.000000
x888,829,0                    1.000000
x889,900,0                    1.000000
x890,828,0                    1.000000
x891,899,0                    1.000000
x892,895,0                    1.000000
x893,894,0                    1.000000
x894,48,0                     1.000000
x895,907,0                    1.000000
x896,47,0                     1.000000
x897,905,0                    1.000000
x898,901,0                    1.000000
x907,1355,0                   1.000000
x912,920,0                    1.000000
x914,919,0                    1.000000
x915,923,0                    1.000000
x916,924,0                    1.000000
x917,922,0                    1.000000
x918,925,0                    1.000000
x919,773,0                    1.000000
x922,916,0                    1.000000
x924,915,0                    1.000000
x927,921,0                    1.000000
x931,1134,0                   1.000000
x938,947,0                    1.000000
x942,944,0                    1.000000
x945,956,0                    1.000000
x947,950,0                    1.000000
x948,951,0                    1.000000
x951,948,0                    1.000000
x952,963,0                    1.000000
x956,1182,0                   1.000000
x961,6,0                      1.000000
x964,65,0                     1.000000
x965,69,0                     1.000000
x966,66,0                     1.000000
x968,67,0                     1.000000
x969,1414,0                   1.000000
x970,1415,0                   1.000000
x975,860,0                    1.000000
x977,978,0                    1.000000
x980,516,0                    1.000000
x982,1005,0                   1.000000
x983,471,0                    1.000000
x990,768,0                    1.000000
x991,772,0                    1.000000
x992,987,0                    1.000000
x997,991,0                    1.000000
x999,1389,0                   1.000000
x1005,1386,0                  1.000000
x1008,1019,0                  1.000000
x1014,1297,0                  1.000000
x1016,195,0                   1.000000
x1019,118,0                   1.000000
x1031,119,0                   1.000000
x1033,1048,0                  1.000000
x1035,1047,0                  1.000000
x1045,1004,0                  1.000000
x1046,457,0                   1.000000
x1047,1003,0                  1.000000
x1048,1056,0                  1.000000
x1049,1060,0                  1.000000
x1050,1058,0                  1.000000
x1055,1039,0                  1.000000
x1057,103,0                   1.000000
x1058,1062,0                  1.000000
x1060,1068,0                  1.000000
x1071,1076,0                  1.000000
x1072,1119,0                  1.000000
x1073,1081,0                  1.000000
x1076,1200,0                  1.000000
x1078,1151,0                  1.000000
x1079,1150,0                  1.000000
x1080,1161,0                  1.000000
x1081,1160,0                  1.000000
x1082,1199,0                  1.000000
x1085,1094,0                  1.000000
x1086,1095,0                  1.000000
x1087,1090,0                  1.000000
x1088,1096,0                  1.000000
x1089,1091,0                  1.000000
x1090,454,0                   1.000000
x1095,1099,0                  1.000000
x1097,1110,0                  1.000000
x1099,1107,0                  1.000000
x1101,1109,0                  1.000000
x1103,1106,0                  1.000000
x1113,1079,0                  1.000000
x1114,1118,0                  1.000000
x1115,1123,0                  1.000000
x1116,1082,0                  1.000000
x1117,1409,0                  1.000000
x1120,193,0                   1.000000
x1121,1074,0                  1.000000
x1133,1138,0                  1.000000
x1137,1168,0                  1.000000
x1138,1163,0                  1.000000
x1139,1117,0                  1.000000
x1140,1148,0                  1.000000
x1141,1146,0                  1.000000
x1142,1114,0                  1.000000
x1152,380,0                   1.000000
x1158,1149,0                  1.000000
x1159,1167,0                  1.000000
x1161,1165,0                  1.000000
x1163,1170,0                  1.000000
x1164,1142,0                  1.000000
x1169,1127,0                  1.000000
x1172,1178,0                  1.000000
x1174,1217,0                  1.000000
x1176,1184,0                  1.000000
x1178,1101,0                  1.000000
x1185,1332,0                  1.000000
x1187,156,0                   1.000000
x1189,1198,0                  1.000000
x1193,1171,0                  1.000000
x1195,1176,0                  1.000000
x1197,1186,0                  1.000000
x1198,1159,0                  1.000000
x1202,1185,0                  1.000000
x1204,1373,0                  1.000000
x1205,1257,0                  1.000000
x1212,1334,0                  1.000000
x1214,1204,0                  1.000000
x1215,1203,0                  1.000000
x1216,1221,0                  1.000000
x1218,1179,0                  1.000000
x1224,1251,0                  1.000000
x1227,1208,0                  1.000000
x1228,1205,0                  1.000000
x1229,1220,0                  1.000000
x1235,885,0                   1.000000
x1236,1253,0                  1.000000
x1237,1239,0                  1.000000
x1245,1354,0                  1.000000
x1250,1069,0                  1.000000
x1251,160,0                   1.000000
x1255,848,0                   1.000000
x1258,1202,0                  1.000000
x1262,1269,0                  1.000000
x1264,1266,0                  1.000000
x1265,1268,0                  1.000000
x1274,1383,0                  1.000000
x1275,1361,0                  1.000000
x1277,1382,0                  1.000000
x1278,1376,0                  1.000000
x1279,1359,0                  1.000000
x1288,1036,0                  1.000000
x1291,1295,0                  1.000000
x1294,1323,0                  1.000000
x1295,1301,0                  1.000000
x1296,777,0                   1.000000
x1308,1408,0                  1.000000
x1310,1314,0                  1.000000
x1317,1381,0                  1.000000
x1319,751,0                   1.000000
x1326,1219,0                  1.000000
x1331,1325,0                  1.000000
x1335,1393,0                  1.000000
x1336,1344,0                  1.000000
x1339,1347,0                  1.000000
x1340,1348,0                  1.000000
x1342,343,0                   1.000000
x1347,910,0                   1.000000
x1354,1374,0                  1.000000
x1358,1363,0                  1.000000
x1359,1377,0                  1.000000
x1363,1371,0                  1.000000
x1364,1368,0                  1.000000
x1365,1252,0                  1.000000
x1366,1256,0                  1.000000
x1383,810,0                   1.000000
x1388,1392,0                  1.000000
x1390,1398,0                  1.000000
x1392,1402,0                  1.000000
x1396,1358,0                  1.000000
x1398,1403,0                  1.000000
x1400,1124,0                  1.000000
x1401,1317,0                  1.000000
x1403,638,0                   1.000000
x1412,1413,0                  1.000000
x1418,1007,0                  1.000000
x0,13,1                       1.000000
x2,68,1                       1.000000
x4,1419,1                     1.000000
x11,19,1                      1.000000
x14,973,1                     1.000000
x15,51,1                      1.000000
x17,54,1                      1.000000
x18,116,1                     1.000000
x19,1018,1                    1.000000
x20,50,1                      1.000000
x30,610,1                     1.000000
x32,5,1                       1.000000
x38,60,1                      1.000000
x41,902,1                     1.000000
x43,23,1                      1.000000
x46,974,1                     1.000000
x55,42,1                      1.000000
x65,165,1                     1.000000
x67,609,1                     1.000000
x68,707,1                     1.000000
x77,125,1                     1.000000
x79,261,1                     1.000000
x80,306,1                     1.000000
x82,611,1                     1.000000
x83,319,1                     1.000000
x85,81,1                      1.000000
x88,72,1                      1.000000
x92,494,1                     1.000000
x94,509,1                     1.000000
x96,104,1                     1.000000
x105,110,1                    1.000000
x106,52,1                     1.000000
x108,146,1                    1.000000
x109,1014,1                   1.000000
x111,1038,1                   1.000000
x112,1026,1                   1.000000
x117,278,1                    1.000000
x121,218,1                    1.000000
x122,37,1                     1.000000
x123,87,1                     1.000000
x124,569,1                    1.000000
x125,79,1                     1.000000
x126,90,1                     1.000000
x131,426,1                    1.000000
x132,122,1                    1.000000
x140,1015,1                   1.000000
x156,412,1                    1.000000
x157,245,1                    1.000000
x158,263,1                    1.000000
x159,39,1                     1.000000
x161,227,1                    1.000000
x167,179,1                    1.000000
x171,235,1                    1.000000
x172,178,1                    1.000000
x179,172,1                    1.000000
x180,185,1                    1.000000
x182,305,1                    1.000000
x184,97,1                     1.000000
x186,940,1                    1.000000
x187,135,1                    1.000000
x197,150,1                    1.000000
x206,214,1                    1.000000
x209,217,1                    1.000000
x210,222,1                    1.000000
x213,715,1                    1.000000
x216,224,1                    1.000000
x221,890,1                    1.000000
x225,233,1                    1.000000
x227,176,1                    1.000000
x237,618,1                    1.000000
x238,355,1                    1.000000
x249,354,1                    1.000000
x253,277,1                    1.000000
x258,314,1                    1.000000
x259,1350,1                   1.000000
x262,1232,1                   1.000000
x263,813,1                    1.000000
x266,136,1                    1.000000
x269,1,1                      1.000000
x271,138,1                    1.000000
x272,133,1                    1.000000
x280,166,1                    1.000000
x284,35,1                     1.000000
x294,291,1                    1.000000
x301,1249,1                   1.000000
x304,1237,1                   1.000000
x311,613,1                    1.000000
x321,330,1                    1.000000
x323,331,1                    1.000000
x329,325,1                    1.000000
x333,322,1                    1.000000
x335,221,1                    1.000000
x336,320,1                    1.000000
x338,346,1                    1.000000
x341,303,1                    1.000000
x343,258,1                    1.000000
x344,256,1                    1.000000
x352,1105,1                   1.000000
x355,1218,1                   1.000000
x369,1192,1                   1.000000
x370,2,1                      1.000000
x373,377,1                    1.000000
x374,163,1                    1.000000
x375,190,1                    1.000000
x382,149,1                    1.000000
x398,393,1                    1.000000
x402,410,1                    1.000000
x405,161,1                    1.000000
x406,352,1                    1.000000
x408,216,1                    1.000000
x409,437,1                    1.000000
x411,416,1                    1.000000
x414,411,1                    1.000000
x417,574,1                    1.000000
x419,672,1                    1.000000
x422,695,1                    1.000000
x430,481,1                    1.000000
x431,480,1                    1.000000
x433,477,1                    1.000000
x438,447,1                    1.000000
x439,852,1                    1.000000
x440,442,1                    1.000000
x441,1098,1                   1.000000
x443,417,1                    1.000000
x445,434,1                    1.000000
x447,1173,1                   1.000000
x448,1054,1                   1.000000
x454,419,1                    1.000000
x455,769,1                    1.000000
x463,1053,1                   1.000000
x464,458,1                    1.000000
x465,455,1                    1.000000
x472,418,1                    1.000000
x473,467,1                    1.000000
x475,476,1                    1.000000
x480,488,1                    1.000000
x484,482,1                    1.000000
x487,532,1                    1.000000
x493,421,1                    1.000000
x496,762,1                    1.000000
x497,407,1                    1.000000
x498,408,1                    1.000000
x501,272,1                    1.000000
x502,1246,1                   1.000000
x508,985,1                    1.000000
x516,518,1                    1.000000
x518,528,1                    1.000000
x525,496,1                    1.000000
x537,540,1                    1.000000
x542,188,1                    1.000000
x544,634,1                    1.000000
x545,908,1                    1.000000
x548,128,1                    1.000000
x549,83,1                     1.000000
x560,554,1                    1.000000
x561,80,1                     1.000000
x573,548,1                    1.000000
x575,239,1                    1.000000
x577,585,1                    1.000000
x602,85,1                     1.000000
x603,162,1                    1.000000
x606,132,1                    1.000000
x612,579,1                    1.000000
x613,602,1                    1.000000
x624,38,1                     1.000000
x625,137,1                    1.000000
x626,936,1                    1.000000
x627,307,1                    1.000000
x632,545,1                    1.000000
x642,464,1                    1.000000
x647,723,1                    1.000000
x650,318,1                    1.000000
x673,685,1                    1.000000
x678,153,1                    1.000000
x680,675,1                    1.000000
x685,673,1                    1.000000
x693,478,1                    1.000000
x700,292,1                    1.000000
x701,194,1                    1.000000
x702,101,1                    1.000000
x703,264,1                    1.000000
x705,703,1                    1.000000
x707,996,1                    1.000000
x715,739,1                    1.000000
x716,637,1                    1.000000
x717,647,1                    1.000000
x718,428,1                    1.000000
x722,661,1                    1.000000
x726,394,1                    1.000000
x727,460,1                    1.000000
x728,391,1                    1.000000
x741,1282,1                   1.000000
x742,752,1                    1.000000
x745,1356,1                   1.000000
x747,745,1                    1.000000
x748,801,1                    1.000000
x754,409,1                    1.000000
x758,543,1                    1.000000
x761,708,1                    1.000000
x762,463,1                    1.000000
x763,997,1                    1.000000
x771,804,1                    1.000000
x781,782,1                    1.000000
x790,785,1                    1.000000
x792,755,1                    1.000000
x793,743,1                    1.000000
x797,778,1                    1.000000
x810,32,1                     1.000000
x816,46,1                     1.000000
x817,896,1                    1.000000
x824,183,1                    1.000000
x832,843,1                    1.000000
x833,884,1                    1.000000
x836,838,1                    1.000000
x837,839,1                    1.000000
x838,846,1                    1.000000
x852,100,1                    1.000000
x853,219,1                    1.000000
x875,1210,1                   1.000000
x880,182,1                    1.000000
x882,169,1                    1.000000
x887,827,1                    1.000000
x923,917,1                    1.000000
x925,199,1                    1.000000
x928,933,1                    1.000000
x929,276,1                    1.000000
x930,98,1                     1.000000
x932,980,1                    1.000000
x935,0,1                      1.000000
x950,945,1                    1.000000
x953,943,1                    1.000000
x954,957,1                    1.000000
x957,315,1                    1.000000
x959,383,1                    1.000000
x960,301,1                    1.000000
x963,84,1                     1.000000
x967,10,1                     1.000000
x981,511,1                    1.000000
x984,469,1                    1.000000
x1000,347,1                   1.000000
x1001,102,1                   1.000000
x1002,189,1                   1.000000
x1003,41,1                    1.000000
x1004,859,1                   1.000000
x1006,22,1                    1.000000
x1010,977,1                   1.000000
x1011,1013,1                  1.000000
x1013,16,1                    1.000000
x1015,1020,1                  1.000000
x1017,1064,1                  1.000000
x1032,1063,1                  1.000000
x1037,148,1                   1.000000
x1044,209,1                   1.000000
x1056,1024,1                  1.000000
x1059,456,1                   1.000000
x1067,27,1                    1.000000
x1069,1078,1                  1.000000
x1070,1121,1                  1.000000
x1077,1147,1                  1.000000
x1093,1191,1                  1.000000
x1096,436,1                   1.000000
x1102,356,1                   1.000000
x1104,1084,1                  1.000000
x1125,702,1                   1.000000
x1126,928,1                   1.000000
x1134,1152,1                  1.000000
x1135,1144,1                  1.000000
x1136,1169,1                  1.000000
x1143,1113,1                  1.000000
x1144,1111,1                  1.000000
x1153,1087,1                  1.000000
x1154,1088,1                  1.000000
x1160,298,1                   1.000000
x1162,1143,1                  1.000000
x1168,612,1                   1.000000
x1184,435,1                   1.000000
y1186,1193,1                  1.000000
x1194,450,1                   1.000000
x1199,1265,1                  1.000000
x1206,1211,1                  1.000000
x1210,362,1                   1.000000
x1231,124,1                   1.000000
x1232,1369,1                  1.000000
x1234,840,1                   1.000000
x1238,1241,1                  1.000000
x1239,375,1                   1.000000
x1240,816,1                   1.000000
x1244,271,1                   1.000000
x1247,911,1                   1.000000
x1248,126,1                   1.000000
x1254,1260,1                  1.000000
x1259,844,1                   1.000000
x1276,1324,1                  1.000000
x1281,1290,1                  1.000000
x1285,1294,1                  1.000000
x1287,401,1                   1.000000
x1290,14,1                    1.000000
x1292,747,1                   1.000000
x1293,1284,1                  1.000000
x1299,1286,1                  1.000000
x1300,753,1                   1.000000
x1302,1281,1                  1.000000
x1306,262,1                   1.000000
x1307,1122,1                  1.000000
x1328,503,1                   1.000000
x1345,345,1                   1.000000
x1349,1287,1                  1.000000
x1356,1380,1                  1.000000
x1387,1342,1                  1.000000
x1393,1305,1                  1.000000
x1402,1080,1                  1.000000
x1405,717,1                   1.000000
x1409,9,1                     1.000000
x1413,192,1                   1.000000
x1419,630,1                   1.000000
x5,1307,2                     1.000000
x12,62,2                      1.000000
x33,382,2                     1.000000
x36,44,2                      1.000000
x39,821,2                     1.000000
x40,817,2                     1.000000
x63,279,2                     1.000000
x64,968,2                     1.000000
x86,77,2                      1.000000
x87,89,2                      1.000000
x98,117,2                     1.000000
x107,113,2                    1.000000
x115,141,2                    1.000000
x130,536,2                    1.000000
x150,144,2                    1.000000
x153,413,2                    1.000000
x154,622,2                    1.000000
x160,168,2                    1.000000
x162,887,2                    1.000000
x164,173,2                    1.000000
x169,565,2                    1.000000
x178,186,2                    1.000000
x181,290,2                    1.000000
x189,1180,2                   1.000000
x191,157,2                    1.000000
x193,931,2                    1.000000
x194,929,2                    1.000000
x198,151,2                    1.000000
x205,210,2                    1.000000
x261,269,2                    1.000000
x275,286,2                    1.000000
x298,994,2                    1.000000
x299,995,2                    1.000000
x303,1235,2                   1.000000
x322,333,2                    1.000000
x331,321,2                    1.000000
x351,359,2                    1.000000
x357,1264,2                   1.000000
x363,371,2                    1.000000
x407,351,2                    1.000000
x424,440,2                    1.000000
x429,433,2                    1.000000
x432,666,2                    1.000000
x434,854,2                    1.000000
x449,472,2                    1.000000
x456,774,2                    1.000000
x457,465,2                    1.000000
x490,767,2                    1.000000
x530,429,2                    1.000000
x534,639,2                    1.000000
x535,640,2                    1.000000
x546,559,2                    1.000000
x565,82,2                     1.000000
x586,234,2                    1.000000
x605,259,2                    1.000000
x623,861,2                    1.000000
x648,3,2                      1.000000
x670,687,2                    1.000000
x720,663,2                    1.000000
x737,797,2                    1.000000
x764,462,2                    1.000000
x814,823,2                    1.000000
x847,441,2                    1.000000
x849,444,2                    1.000000
x921,729,2                    1.000000
x934,964,2                    1.000000
x937,959,2                    1.000000
x1018,1065,2                  1.000000
x1024,524,2                   1.000000
x1034,24,2                    1.000000
x1041,105,2                   1.000000
x1066,26,2                    1.000000
x1074,1316,2                  1.000000
x1083,1092,2                  1.000000
x1091,449,2                   1.000000
x1155,1083,2                  1.000000
x1167,632,2                   1.000000
x1170,350,2                   1.000000
x1173,158,2                   1.000000
x1181,452,2                   1.000000
x1203,841,2                   1.000000
x1246,36,2                    1.000000
x1249,914,2                   1.000000
x1263,552,2                   1.000000
x1309,1406,2                  1.000000
x1357,1366,2                  1.000000
x1384,1234,2                  1.000000
x1411,1313,2                  1.000000
x25,906,3                     1.000000
x29,4,3                       1.000000
x53,29,3                      1.000000
x84,558,3                     1.000000
x97,1050,3                    1.000000
x100,155,3                    1.000000
x137,159,3                    1.000000
x168,564,3                    1.000000
x183,864,3                    1.000000
x185,716,3                    1.000000
x203,198,3                    1.000000
x222,228,3                    1.000000
x228,592,3                    1.000000
x242,652,3                    1.000000
x267,247,3                    1.000000
x279,283,3                    1.000000
x285,631,3                    1.000000
x291,1166,3                   1.000000
x292,1139,3                   1.000000
x296,293,3                    1.000000
x312,865,3                    1.000000
x313,966,3                    1.000000
x360,369,3                    1.000000
x362,364,3                    1.000000
x365,373,3                    1.000000
x371,304,3                    1.000000
x541,1137,3                   1.000000
x564,557,3                    1.000000
x593,582,3                    1.000000
x611,550,3                    1.000000
x622,625,3                    1.000000
x709,642,3                    1.000000
x733,799,3                    1.000000
x735,746,3                    1.000000
x740,1357,3                   1.000000
x770,805,3                    1.000000
x772,781,3                    1.000000
x812,903,3                    1.000000
x819,897,3                    1.000000
x841,873,3                    1.000000
x844,877,3                    1.000000
x854,863,3                    1.000000
x855,633,3                    1.000000
x859,867,3                    1.000000
x860,869,3                    1.000000
x864,870,3                    1.000000
x873,1255,3                   1.000000
x936,958,3                    1.000000
x955,949,3                    1.000000
x958,316,3                    1.000000
x962,1135,3                   1.000000
x1030,1040,3                  1.000000
x1038,21,3                    1.000000
x1040,114,3                   1.000000
x1084,1093,3                  1.000000
x1092,453,3                   1.000000
x1094,1097,3                  1.000000
x1098,1108,3                  1.000000
x1132,313,3                   1.000000
x1145,299,3                   1.000000
x1149,1158,3                  1.000000
x1230,374,3                   1.000000
x1280,1321,3                  1.000000
x1301,1335,3                  1.000000
x1329,1401,3                  1.000000
x1348,273,3                   1.000000
x1386,1394,3                  1.000000
x1394,1341,3                  1.000000
x1414,344,3                   1.000000
s390                          1.000000
x281,378,1                    1.000000
x806,927,3                    1.000000
All other variables in the range 1-386101 are 0.

Log started (V12.9.0.0) Sun Aug 18 15:41:42 2019

File 'sbp_76.lp' not found.
No file read.
Row 'c100_1001410' repeats.
Row 'c100_1001411' repeats.
Row 'c100_1001412' repeats.
Row 'c100_1001413' repeats.
Row 'c100_1010210' repeats.
1014 repeated row warnings not printed.

Problem 'sbp_766.lp' read.
Read time = 2.06 sec. (82.38 ticks)
Tried aggregator 2 times.
MIP Presolve eliminated 378891 rows and 375050 columns.
MIP Presolve modified 2652 coefficients.
Aggregator did 661 substitutions.
Reduced MIP has 5076 rows, 10390 columns, and 75560 nonzeros.
Reduced MIP has 10390 binaries, 0 generals, 0 SOSs, and 0 indicators.
Presolve time = 1.03 sec. (814.43 ticks)
Found incumbent of value 2.000000 after 1.33 sec. (1046.04 ticks)
Probing fixed 4492 vars, tightened 0 bounds.
Probing time = 3.67 sec. (2695.74 ticks)
Tried aggregator 3 times.
MIP Presolve eliminated 3055 rows and 5811 columns.
MIP Presolve modified 29 coefficients.
Aggregator did 82 substitutions.
Reduced MIP has 1939 rows, 4497 columns, and 31887 nonzeros.
Reduced MIP has 4497 binaries, 0 generals, 0 SOSs, and 0 indicators.
Presolve time = 0.14 sec. (101.47 ticks)
Probing time = 0.03 sec. (14.88 ticks)
Tried aggregator 1 time.
MIP Presolve eliminated 49 rows and 0 columns.
Reduced MIP has 1890 rows, 4497 columns, and 31751 nonzeros.
Reduced MIP has 4497 binaries, 0 generals, 0 SOSs, and 0 indicators.
Presolve time = 0.05 sec. (34.34 ticks)
Probing time = 0.03 sec. (14.88 ticks)
Clique table members: 27640.
MIP emphasis: balance optimality and feasibility.
MIP search method: dynamic search.
Parallel mode: deterministic, using up to 4 threads.
Root relaxation solution time = 0.02 sec. (20.09 ticks)

        Nodes                                         Cuts/
   Node  Left     Objective  IInf  Best Integer    Best Bound    ItCnt     Gap

*     0+    0                            2.0000     3109.5000              --- 
*     0+    0                           48.0000     3109.5000              --- 
      0     0       49.0000     2       48.0000       49.0000      159    2.08%
*     0+    0                           49.0000       49.0000             0.00%
      0     0        cutoff             49.0000       49.0000      159    0.00%
Elapsed time = 5.63 sec. (4060.12 ticks, tree = 0.01 MB, solutions = 3)

Root node processing (before b&c):
  Real time             =    5.70 sec. (4075.73 ticks)
Parallel b&c, 4 threads:
  Real time             =    0.00 sec. (0.00 ticks)
  Sync time (average)   =    0.00 sec.
  Wait time (average)   =    0.00 sec.
                          ------------
Total (root+branch&cut) =    5.70 sec. (4075.73 ticks)

Solution pool: 3 solutions saved.

MIP - Integer optimal solution:  Objective =  4.9000000000e+01
Solution time =    5.72 sec.  Iterations = 159  Nodes = 0
Deterministic time = 4076.83 ticks  (712.86 ticks/sec)


Incumbent solution
Variable Name           Solution Value
y147,109,0                    1.000000
f109,1                        1.000000
x1040,1044,0                  1.000000
x0,69,1                       1.000000
x31,38,1                      1.000000
x35,31,1                      1.000000
x69,6,1                       1.000000
x70,91,1                      1.000000
x91,75,1                      1.000000
x96,209,1                     1.000000
x103,202,1                    1.000000
x132,120,1                    1.000000
x174,170,1                    1.000000
x181,163,1                    1.000000
x209,188,1                    1.000000
x252,279,1                    1.000000
x280,348,1                    1.000000
x301,270,1                    1.000000
x348,258,1                    1.000000
x390,383,1                    1.000000
x430,429,1                    1.000000
x472,451,1                    1.000000
x504,531,1                    1.000000
x546,573,1                    1.000000
x573,552,1                    1.000000
x609,608,1                    1.000000
x652,651,1                    1.000000
x693,672,1                    1.000000
x700,706,1                    1.000000
x733,757,1                    1.000000
x768,806,1                    1.000000
x775,799,1                    1.000000
x810,907,1                    1.000000
x817,900,1                    1.000000
x859,858,1                    1.000000
x866,848,1                    1.000000
x932,910,1                    1.000000
x936,963,1                    1.000000
x1041,1040,1                  1.000000
x1069,1121,1                  1.000000
x1231,263,1                   1.000000
x1232,1245,1                  1.000000
x1274,1306,1                  1.000000
x1306,1277,1                  1.000000
x1307,1409,1                  1.000000
x1345,1388,1                  1.000000
x1349,1384,1                  1.000000
x1356,1380,1                  1.000000
y1409,1307,1                  1.000000
s147                          1.000000
All other variables in the range 1-386101 are 0.

Log started (V12.9.0.0) Sun Aug 18 15:53:04 2019

Row 'c100_1001410' repeats.
Row 'c100_1001411' repeats.
Row 'c100_1001412' repeats.
Row 'c100_1001413' repeats.
Row 'c100_1010210' repeats.
1014 repeated row warnings not printed.

Problem 'sbp_766.lp' read.
Read time = 2.13 sec. (83.18 ticks)
Tried aggregator 2 times.
MIP Presolve eliminated 378892 rows and 375089 columns.
MIP Presolve modified 4330 coefficients.
Aggregator did 661 substitutions.
Reduced MIP has 5076 rows, 10351 columns, and 75249 nonzeros.
Reduced MIP has 10351 binaries, 0 generals, 0 SOSs, and 0 indicators.
Presolve time = 1.02 sec. (874.29 ticks)
Found incumbent of value 46.000000 after 1.38 sec. (1136.40 ticks)
Probing fixed 4492 vars, tightened 0 bounds.
Probing time = 3.30 sec. (2688.32 ticks)
Tried aggregator 3 times.
MIP Presolve eliminated 3064 rows and 5818 columns.
MIP Presolve modified 27 coefficients.
Aggregator did 75 substitutions.
Reduced MIP has 1937 rows, 4458 columns, and 31602 nonzeros.
Reduced MIP has 4458 binaries, 0 generals, 0 SOSs, and 0 indicators.
Presolve time = 0.14 sec. (102.11 ticks)
Probing time = 0.02 sec. (15.01 ticks)
Tried aggregator 1 time.
MIP Presolve eliminated 49 rows and 0 columns.
Reduced MIP has 1888 rows, 4458 columns, and 31470 nonzeros.
Reduced MIP has 4458 binaries, 0 generals, 0 SOSs, and 0 indicators.
Presolve time = 0.05 sec. (34.09 ticks)
Probing time = 0.03 sec. (14.91 ticks)
Clique table members: 19975.
MIP emphasis: balance optimality and feasibility.
MIP search method: dynamic search.
Parallel mode: deterministic, using up to 4 threads.
Root relaxation solution time = 0.13 sec. (151.38 ticks)

        Nodes                                         Cuts/
   Node  Left     Objective  IInf  Best Integer    Best Bound    ItCnt     Gap

*     0+    0                           46.0000     3075.5000              --- 
      0     0       48.0000     2       46.0000       48.0000       12    4.35%
*     0+    0                           48.0000       48.0000             0.00%
      0     0        cutoff             48.0000       48.0000       12    0.00%
Elapsed time = 5.38 sec. (4269.11 ticks, tree = 0.01 MB, solutions = 2)

Root node processing (before b&c):
  Real time             =    5.44 sec. (4282.13 ticks)
Parallel b&c, 4 threads:
  Real time             =    0.00 sec. (0.00 ticks)
  Sync time (average)   =    0.00 sec.
  Wait time (average)   =    0.00 sec.
                          ------------
Total (root+branch&cut) =    5.44 sec. (4282.13 ticks)

Solution pool: 2 solutions saved.

MIP - Integer optimal solution:  Objective =  4.8000000000e+01
Solution time =    5.47 sec.  Iterations = 12  Nodes = 0
Deterministic time = 4283.24 ticks  (783.18 ticks/sec)


Incumbent solution
Variable Name           Solution Value
y1342,1387,0                  1.000000
f1387,1                       1.000000
x0,69,0                       1.000000
x35,31,0                      1.000000
x96,209,0                     1.000000
x733,757,0                    1.000000
x768,806,0                    1.000000
x1040,1019,0                  1.000000
x1041,1040,0                  1.000000
x1307,1409,0                  1.000000
x31,38,1                      1.000000
x69,6,1                       1.000000
x70,91,1                      1.000000
x91,75,1                      1.000000
x103,202,1                    1.000000
x132,120,1                    1.000000
x174,170,1                    1.000000
x181,163,1                    1.000000
x209,188,1                    1.000000
x252,279,1                    1.000000
x301,270,1                    1.000000
x348,258,1                    1.000000
x390,383,1                    1.000000
x430,429,1                    1.000000
x472,451,1                    1.000000
x504,531,1                    1.000000
x546,573,1                    1.000000
x573,552,1                    1.000000
x609,608,1                    1.000000
x652,651,1                    1.000000
x693,672,1                    1.000000
x700,706,1                    1.000000
x775,799,1                    1.000000
x810,907,1                    1.000000
x817,900,1                    1.000000
x859,858,1                    1.000000
x866,848,1                    1.000000
x932,910,1                    1.000000
x936,963,1                    1.000000
x1069,1121,1                  1.000000
x1231,263,1                   1.000000
x1232,1245,1                  1.000000
x1274,1306,1                  1.000000
x1306,1277,1                  1.000000
x1345,1388,1                  1.000000
x1349,1384,1                  1.000000
x1356,1380,1                  1.000000
x280,348,2                    1.000000
s1342                         1.000000
All other variables in the range 1-386101 are 0.

Log started (V12.9.0.0) Sun Aug 18 16:25:26 2019

Row 'c100_1001410' repeats.
Row 'c100_1001411' repeats.
Row 'c100_1001412' repeats.
Row 'c100_1001413' repeats.
Row 'c100_1010210' repeats.
1014 repeated row warnings not printed.

Problem 'sbp_766.lp' read.
Read time = 2.38 sec. (84.47 ticks)
Tried aggregator 2 times.
MIP Presolve eliminated 377610 rows and 371027 columns.
MIP Presolve modified 4149 coefficients.
Aggregator did 661 substitutions.
Reduced MIP has 6358 rows, 14413 columns, and 114706 nonzeros.
Reduced MIP has 14413 binaries, 0 generals, 0 SOSs, and 0 indicators.
Presolve time = 1.25 sec. (914.89 ticks)
Found incumbent of value 2.000000 after 1.61 sec. (1154.61 ticks)
Probing fixed 2882 vars, tightened 0 bounds.
Probing time = 5.13 sec. (3648.51 ticks)
Tried aggregator 2 times.
MIP Presolve eliminated 1763 rows and 4084 columns.
MIP Presolve modified 16 coefficients.
Aggregator did 161 substitutions.
Reduced MIP has 4434 rows, 10168 columns, and 86015 nonzeros.
Reduced MIP has 10168 binaries, 0 generals, 0 SOSs, and 0 indicators.
Presolve time = 0.23 sec. (172.91 ticks)
Probing time = 0.05 sec. (27.08 ticks)
Tried aggregator 1 time.
MIP Presolve eliminated 8 rows and 0 columns.
Reduced MIP has 4426 rows, 10168 columns, and 85976 nonzeros.
Reduced MIP has 10168 binaries, 0 generals, 0 SOSs, and 0 indicators.
Presolve time = 0.13 sec. (82.34 ticks)
Probing time = 0.03 sec. (26.35 ticks)
Clique table members: 44642.
MIP emphasis: balance optimality and feasibility.
MIP search method: dynamic search.
Parallel mode: deterministic, using up to 4 threads.
Root relaxation solution time = 0.27 sec. (265.32 ticks)

        Nodes                                         Cuts/
   Node  Left     Objective  IInf  Best Integer    Best Bound    ItCnt     Gap

*     0+    0                            2.0000     7586.0000              --- 
*     0+    0                           48.0000     7586.0000              --- 
      0     0       50.0000    12       48.0000       50.0000       10    4.17%
*     0     0      integral     0       50.0000       Cuts: 2       11    0.00%
      0     0        cutoff             50.0000       50.0000       11    0.00%
Elapsed time = 8.06 sec. (5677.77 ticks, tree = 0.01 MB, solutions = 3)

Flow cuts applied:  1

Root node processing (before b&c):
  Real time             =    8.16 sec. (5693.60 ticks)
Parallel b&c, 4 threads:
  Real time             =    0.00 sec. (0.00 ticks)
  Sync time (average)   =    0.00 sec.
  Wait time (average)   =    0.00 sec.
                          ------------
Total (root+branch&cut) =    8.16 sec. (5693.60 ticks)

Solution pool: 3 solutions saved.

MIP - Integer optimal solution:  Objective =  5.0000000000e+01
Solution time =    8.17 sec.  Iterations = 11  Nodes = 0
Deterministic time = 5694.70 ticks  (696.86 ticks/sec)


Incumbent solution
Variable Name           Solution Value
y495,419,0                    1.000000
y419,498,1                    1.000000
y498,460,2                    1.000000
f460,3                        1.000000
x0,69,0                       1.000000
x35,31,0                      1.000000
x96,209,0                     1.000000
x280,279,0                    1.000000
x472,451,0                    1.000000
x733,757,0                    1.000000
x1041,1040,0                  1.000000
x1307,1409,0                  1.000000
x31,38,1                      1.000000
x69,6,1                       1.000000
x91,75,1                      1.000000
x209,188,1                    1.000000
x348,258,1                    1.000000
x390,383,1                    1.000000
x573,552,1                    1.000000
x693,672,1                    1.000000
x768,806,1                    1.000000
x775,799,1                    1.000000
x817,900,1                    1.000000
x932,910,1                    1.000000
x1306,1277,1                  1.000000
x1345,1388,1                  1.000000
x1356,1380,1                  1.000000
x70,91,2                      1.000000
x103,202,2                    1.000000
x132,120,2                    1.000000
x174,170,2                    1.000000
x181,163,2                    1.000000
x252,348,2                    1.000000
x301,270,2                    1.000000
x430,429,2                    1.000000
x504,531,2                    1.000000
x546,573,2                    1.000000
x609,608,2                    1.000000
x652,651,2                    1.000000
x700,706,2                    1.000000
x810,907,2                    1.000000
x859,858,2                    1.000000
x866,848,2                    1.000000
x936,963,2                    1.000000
x1069,1121,2                  1.000000
x1231,263,2                   1.000000
x1232,1245,2                  1.000000
x1274,1306,2                  1.000000
x1349,1384,2                  1.000000
x1040,1019,3                  1.000000
s495                          1.000000
All other variables in the range 1-386101 are 0.
Row 'c100_1010210' repeats.
Row 'c100_1010211' repeats.
Row 'c100_1010212' repeats.
Row 'c100_1010213' repeats.
Row 'c100_1011210' repeats.
455 repeated row warnings not printed.

Problem 'sbp_766.lp' read.
Read time = 3.25 sec. (69.60 ticks)
Tried aggregator 1 time.
MIP Presolve eliminated 211406 rows and 207135 columns.
MIP Presolve modified 1471 coefficients.
Reduced MIP has 9946 rows, 178966 columns, and 1678668 nonzeros.
Reduced MIP has 178966 binaries, 0 generals, 0 SOSs, and 0 indicators.
Presolve time = 3.56 sec. (1466.70 ticks)
Found incumbent of value 2.000000 after 7.64 sec. (2863.91 ticks)
Tried aggregator 1 time.
Reduced MIP has 9946 rows, 178966 columns, and 1678668 nonzeros.
Reduced MIP has 178966 binaries, 0 generals, 0 SOSs, and 0 indicators.
Presolve time = 2.91 sec. (970.12 ticks)
Probing time = 0.91 sec. (119.15 ticks)
Clique table members: 842763.
MIP emphasis: balance optimality and feasibility.
MIP search method: dynamic search.
Parallel mode: deterministic, using up to 4 threads.

Log started (V12.9.0.0) Thu Aug 22 10:35:44 2019

Row 'c2' repeats.
Row 'c3' repeats.

Problem 'sbp_1.lp' read.
Read time = 0.02 sec. (0.02 ticks)
Row 'c5_1' infeasible, all entries at implied bounds.
Presolve time = 0.00 sec. (0.05 ticks)

Root node processing (before b&c):
  Real time             =    0.00 sec. (0.08 ticks)
Parallel b&c, 4 threads:
  Real time             =    0.00 sec. (0.00 ticks)
  Sync time (average)   =    0.00 sec.
  Wait time (average)   =    0.00 sec.
                          ------------
Total (root+branch&cut) =    0.00 sec. (0.08 ticks)


MIP - Integer infeasible.
Current MIP best bound =  8.1000000000e+01 (gap is infinite)
Solution time =    0.00 sec.  Iterations = 0  Nodes = 0
Deterministic time = 0.08 ticks  (84.72 ticks/sec)

No integer feasible solution exists.

Problem 'sbp_1.lp' read.
Read time = 0.00 sec. (0.02 ticks)
Infeasible column 'f2,1'.
Presolve time = 0.00 sec. (0.03 ticks)

Root node processing (before b&c):
  Real time             =    0.00 sec. (0.06 ticks)
Parallel b&c, 4 threads:
  Real time             =    0.00 sec. (0.00 ticks)
  Sync time (average)   =    0.00 sec.
  Wait time (average)   =    0.00 sec.
                          ------------
Total (root+branch&cut) =    0.00 sec. (0.06 ticks)


MIP - Integer infeasible.
Current MIP best bound =  8.1000000000e+01 (gap is infinite)
Solution time =    0.00 sec.  Iterations = 0  Nodes = 0
Deterministic time = 0.06 ticks  (58.97 ticks/sec)

